1638620110304460056 ppppppppppppppppppppppppppppppppppppppppppppppppppppppppppppppppppppppppppppppp
1638620111304334010 ppppppppppppppppppppppppppppppppppppppppppppppppppppppppppppppppppppppppppppppp
1638620112303582676 ppppppppppppppppppppppppppppppppppppppppppppppppppppppppppppppppppppppppppppppp
1638620113303694942 ppppppppppppppppppppppppppppppppppppppppppppppppppppppppppppppppppppppppppppppp
1638620114303796186 ppppppppppppppppppppppppppppppppppppppppppppppppppppppppppppppppppppppppppppppp
1638620115303927998 ppppppppppppppppppppppppppppppppppppppppppppppppppppppppppppppppppppppppppppppp
1638620116304050090 ppppppppppppppppppppppppppppppppppppppppppppppppppppppppppppppppppppppppppppppp
1638620117304141768 ppppppppppppppppppppppppppppppppppppppppppppppppppppppppppppppppppppppppppppppp
1638620118304251402 ppppppppppppppppppppppppppppppppppppppppppppppppppppppppppppppppppppppppppppppp
1638620119304336329 ppppppppppppppppppppppppppppppppppppppppppppppppppppppppppppppppppppppppppppppp
1638620120304091308 ppppppppppppppppppppppppppppppppppppppppppppppppppppppppppppppppppppppppppppppp
1638620121304390468 ppppppppppppppppppppppppppppppppppppppppppppppppppppppppppppppppppppppppppppppp
1638620122304162251 ppppppppppppppppppppppppppppppppppppppppppppppppppppppppppppppppppppppppppppppp
1638620123304386354 ppppppppppppppppppppppppppppppppppppppppppppppppppppppppppppppppppppppppppppppp
1638620124303887136 ppppppppppppppppppppppppppppppppppppppppppppppppppppppppppppppppppppppppppppppp
1638620125304022861 ppppppppppppppppppppppppppppppppppppppppppppppppppppppppppppppppppppppppppppppp
1638620126304113648 ppppppppppppppppppppppppppppppppppppppppppppppppppppppppppppppppppppppppppppppp
1638620127304254068 ppppppppppppppppppppppppppppppppppppppppppppppppppppppppppppppppppppppppppppppp
1638620128303714487 ppppppppppppppppppppppppppppppppppppppppppppppppppppppppppppppppppppppppppppppp
1638620129303847523 ppppppppppppppppppppppppppppppppppppppppppppppppppppppppppppppppppppppppppppppp
1638620130304327776 ppppppppppppppppppppppppppppppppppppppppppppppppppppppppppppppppppppppppppppppp
1638620131303630772 ppppppppppppppppppppppppppppppppppppppppppppppppppppppppppppppppppppppppppppppp
1638620132304521132 ppppppppppppppppppppppppppppppppppppppppppppppppppppppppppppppppppppppppppppppp
1638620133303658463 ppppppppppppppppppppppppppppppppppppppppppppppppppppppppppppppppppppppppppppppp
1638620134303578081 ppppppppppppppppppppppppppppppppppppppppppppppppppppppppppppppppppppppppppppppp
1638620135303649859 ppppppppppppppppppppppppppppppppppppppppppppppppppppppppppppppppppppppppppppppp
1638620136303735642 ppppppppppppppppppppppppppppppppppppppppppppppppppppppppppppppppppppppppppppppp
1638620137303861536 ppppppppppppppppppppppppppppppppppppppppppppppppppppppppppppppppppppppppppppppp
1638620138303943952 ppppppppppppppppppppppppppppppppppppppppppppppppppppppppppppppppppppppppppppppp
1638620139304232163 ppppppppppppppppppppppppppppppppppppppppppppppppppppppppppppppppppppppppppppppp
1638620140303901920 ppppppppppppppppppppppppppppppppppppppppppppppppppppppppppppppppppppppppppppppp
1638620141304000145 ppppppppppppppppppppppppppppppppppppppppppppppppppppppppppppppppppppppppppppppp
1638620142303461254 ppppppppppppppppppppppppppppppppppppppppppppppppppppppppppppppppppppppppppppppp
1638620143303591576 ppppppppppppppppppppppppppppppppppppppppppppppppppppppppppppppppppppppppppppppp
1638620144303473482 ppppppppppppppppppppppppppppppppppppppppppppppppppppppppppppppppppppppppppppppp
1638620145303617032 ppppppppppppppppppppppppppppppppppppppppppppppppppppppppppppppppppppppppppppppp
1638620146304130795 ppppppppppppppppppppppppppppppppppppppppppppppppppppppppppppppppppppppppppppppp
1638620147304262673 ppppppppppppppppppppppppppppppppppppppppppppppppppppppppppppppppppppppppppppppp
1638620148304308666 ppppppppppppppppppppppppppppppppppppppppppppppppppppppppppppppppppppppppppppppp
1638620149304436784 ppppppppppppppppppppppppppppppppppppppppppppppppppppppppppppppppppppppppppppppp
1638620150304186506 ppppppppppppppppppppppppppppppppppppppppppppppppppppppppppppppppppppppppppppppp
1638620151303586191 ppppppppppppppppppppppppppppppppppppppppppppppppppppppppppppppppppppppppppppppp
1638620152303945772 ppppppppppppppppppppppppppppppppppppppppppppppppppppppppppppppppppppppppppppppp
1638620153303920747 ppppppppppppppppppppppppppppppppppppppppppppppppppppppppppppppppppppppppppppppp
1638620154304042730 ppppppppppppppppppppppppppppppppppppppppppppppppppppppppppppppppppppppppppppppp
1638620155304130022 ppppppppppppppppppppppppppppppppppppppppppppppppppppppppppppppppppppppppppppppp
1638620156303552162 ppppppppppppppppppppppppppppppppppppppppppppppppppppppppppppppppppppppppppppppp
1638620157303584170 ppppppppppppppppppppppppppppppppppppppppppppppppppppppppppppppppppppppppppppppp
1638620158303796852 ppppppppppppppppppppppppppppppppppppppppppppppppppppppppppppppppppppppppppppppp
1638620159303917335 ppppppppppppppppppppppppppppppppppppppppppppppppppppppppppppppppppppppppppppppp
1638620160303779424 ppppppppppppppppppppppppppppppppppppppppppppppppppppppppppppppppppppppppppppppp
1638620161303907294 ppppppppppppppppppppppppppppppppppppppppppppppppppppppppppppppppppppppppppppppp
1638620162303589169 ppppppppppppppppppppppppppppppppppppppppppppppppppppppppppppppppppppppppppppppp
1638620163304125951 ppppppppppppppppppppppppppppppppppppppppppppppppppppppppppppppppppppppppppppppp
1638620164304114380 ppppppppppppppppppppppppppppppppppppppppppppppppppppppppppppppppppppppppppppppp
1638620165303595941 ppppppppppppppppppppppppppppppppppppppppppppppppppppppppppppppppppppppppppppppp
1638620166303670285 ppppppppppppppppppppppppppppppppppppppppppppppppppppppppppppppppppppppppppppppp
1638620167303931686 ppppppppppppppppppppppppppppppppppppppppppppppppppppppppppppppppppppppppppppppp
1638620168304019577 ppppppppppppppppppppppppppppppppppppppppppppppppppppppppppppppppppppppppppppppp
1638620169304123458 ppppppppppppppppppppppppppppppppppppppppppppppppppppppppppppppppppppppppppppppp
1638620170303582019 ppppppppppppppppppppppppppppppppppppppppppppppppppppppppppppppppppppppppppppppp
1638620171303704313 ppppppppppppppppppppppppppppppppppppppppppppppppppppppppppppppppppppppppppppppp
1638620172304020224 ppppppppppppppppppppppppppppppppppppppppppppppppppppppppppppppppppppppppppppppp
